Using pre-set license
Built from '2020.3/staging' branch; Version is '2020.3.16f1 (049d6eca3c44) revision 302446'; Using compiler version '192528614'; Build Type 'Release'
OS: 'Windows 10 Pro; OS build 19042.1081; Version 2009; 64bit' Language: 'zh' Physical Memory: 32734 MB
BatchMode: 1, IsHumanControllingUs: 0, StartBugReporterOnCrash: 0, Is64bit: 1, IsPro: 0

 COMMAND LINE ARGUMENTS:
D:\Program Files\2020.3.16f1\Editor\Unity.exe
-adb2
-batchMode
-noUpm
-name
AssetImportWorker0
-projectPath
D:/sian/project/Unity/Unity_AR_Foundation_20211027_2020_3_16/Unity_AR_Foundation_Example_20211025_2020_3_16
-logFile
Logs/AssetImportWorker0.log
-srvPort
52685
Successfully changed project path to: D:/sian/project/Unity/Unity_AR_Foundation_20211027_2020_3_16/Unity_AR_Foundation_Example_20211025_2020_3_16
D:/sian/project/Unity/Unity_AR_Foundation_20211027_2020_3_16/Unity_AR_Foundation_Example_20211025_2020_3_16
Using Asset Import Pipeline V2.
Refreshing native plugins compatible for Editor in 93.46 ms, found 0 plugins.
Preloading 0 native plugins for Editor in 0.00 ms.
Initialize engine version: 2020.3.16f1 (049d6eca3c44)
[Subsystems] Discovering subsystems at path D:/Program Files/2020.3.16f1/Editor/Data/Resources/UnitySubsystems
[Subsystems] Discovering subsystems at path D:/sian/project/Unity/Unity_AR_Foundation_20211027_2020_3_16/Unity_AR_Foundation_Example_20211025_2020_3_16/Assets
GfxDevice: creating device client; threaded=0
Direct3D:
    Version:  Direct3D 11.0 [level 11.1]
    Renderer: NVIDIA GeForce GTX 970 (ID=0x13c2)
    Vendor:   
    VRAM:     4043 MB
    Driver:   30.0.14.7196
Initialize mono
Mono path[0] = 'D:/Program Files/2020.3.16f1/Editor/Data/Managed'
Mono path[1] = 'D:/Program Files/2020.3.16f1/Editor/Data/MonoBleedingEdge/lib/mono/unityjit'
Mono config path = 'D:/Program Files/2020.3.16f1/Editor/Data/MonoBleedingEdge/etc'
Using monoOptions --debugger-agent=transport=dt_socket,embedding=1,server=y,suspend=n,address=127.0.0.1:56160
Begin MonoManager ReloadAssembly
Registering precompiled unity dll's ...
Register platform support module: D:/Program Files/2020.3.16f1/Editor/Data/PlaybackEngines/WebGLSupport/UnityEditor.WebGL.Extensions.dll
Register platform support module: D:/Program Files/2020.3.16f1/Editor/Data/PlaybackEngines/WindowsStandaloneSupport/UnityEditor.WindowsStandalone.Extensions.dll
Registered in 0.006912 seconds.
Native extension for WindowsStandalone target not found
Native extension for WebGL target not found
Refreshing native plugins compatible for Editor in 74.88 ms, found 0 plugins.
Preloading 0 native plugins for Editor in 0.00 ms.
Mono: successfully reloaded assembly
- Completed reload, in  4.365 seconds
Domain Reload Profiling:
	ReloadAssembly (4365ms)
		BeginReloadAssembly (144ms)
			ExecutionOrderSort (0ms)
			DisableScriptedObjects (0ms)
			BackupInstance (0ms)
			ReleaseScriptingObjects (0ms)
			CreateAndSetChildDomain (2ms)
		EndReloadAssembly (1039ms)
			LoadAssemblies (132ms)
			RebuildTransferFunctionScriptingTraits (0ms)
			SetupTypeCache (413ms)
			ReleaseScriptCaches (0ms)
			RebuildScriptCaches (82ms)
			SetupLoadedEditorAssemblies (363ms)
				LogAssemblyErrors (0ms)
				InitializePlatformSupportModulesInManaged (12ms)
				SetLoadedEditorAssemblies (0ms)
				RefreshPlugins (75ms)
				BeforeProcessingInitializeOnLoad (45ms)
				ProcessInitializeOnLoadAttributes (169ms)
				ProcessInitializeOnLoadMethodAttributes (60ms)
				AfterProcessingInitializeOnLoad (0ms)
				EditorAssembliesLoaded (0ms)
			ExecutionOrderSort2 (0ms)
			AwakeInstancesAfterBackupRestoration (0ms)
Platform modules already initialized, skipping
Registering precompiled user dll's ...
Registered in 0.002709 seconds.
Begin MonoManager ReloadAssembly
Native extension for WindowsStandalone target not found
Native extension for WebGL target not found
Refreshing native plugins compatible for Editor in 80.70 ms, found 0 plugins.
Preloading 0 native plugins for Editor in 0.00 ms.
Mono: successfully reloaded assembly
- Completed reload, in  3.228 seconds
Domain Reload Profiling:
	ReloadAssembly (3230ms)
		BeginReloadAssembly (379ms)
			ExecutionOrderSort (0ms)
			DisableScriptedObjects (14ms)
			BackupInstance (0ms)
			ReleaseScriptingObjects (0ms)
			CreateAndSetChildDomain (40ms)
		EndReloadAssembly (2662ms)
			LoadAssemblies (240ms)
			RebuildTransferFunctionScriptingTraits (0ms)
			SetupTypeCache (557ms)
			ReleaseScriptCaches (1ms)
			RebuildScriptCaches (131ms)
			SetupLoadedEditorAssemblies (1378ms)
				LogAssemblyErrors (0ms)
				InitializePlatformSupportModulesInManaged (12ms)
				SetLoadedEditorAssemblies (0ms)
				RefreshPlugins (81ms)
				BeforeProcessingInitializeOnLoad (500ms)
				ProcessInitializeOnLoadAttributes (752ms)
				ProcessInitializeOnLoadMethodAttributes (7ms)
				AfterProcessingInitializeOnLoad (25ms)
				EditorAssembliesLoaded (1ms)
			ExecutionOrderSort2 (0ms)
			AwakeInstancesAfterBackupRestoration (15ms)
Platform modules already initialized, skipping
========================================================================
Worker process is ready to serve import requests
Launched and connected shader compiler UnityShaderCompiler.exe after 0.11 seconds
Refreshing native plugins compatible for Editor in 0.81 ms, found 0 plugins.
Preloading 0 native plugins for Editor in 0.00 ms.
Unloading 1556 Unused Serialized files (Serialized files now loaded: 0)
System memory in use before: 73.8 MB.
System memory in use after: 73.8 MB.

Unloading 22 unused Assets to reduce memory usage. Loaded Objects now: 1991.
Total: 6.212000 ms (FindLiveObjects: 0.374800 ms CreateObjectMapping: 0.134000 ms MarkObjects: 5.545900 ms  DeleteObjects: 0.155100 ms)

AssetImportParameters requested are different than current active one (requested -> active):
  custom:framework-win-MediaFoundation: 216162199b28c13a410421893ffa2e32 -> 
  custom:video-decoder-ogg-theora: a1e56fd34408186e4bbccfd4996cb3dc -> 
  custom:container-muxer-webm: aa71ff27fc2769a1b78a27578f13a17b -> 
  custom:container-demuxer-webm: 4f35f7cbe854078d1ac9338744f61a02 -> 
  custom:container-demuxer-ogg: 62fdf1f143b41e24485cea50d1cbac27 -> 
  custom:video-encoder-webm-vp8: eb34c28f22e8b96e1ab97ce403110664 -> 
  custom:video-decoder-webm-vp8: 9c59270c3fd7afecdb556c50c9e8de78 -> 
  custom:audio-decoder-ogg-vorbis: bf7c407c2cedff20999df2af8eb42d56 -> 
  custom:audio-encoder-webm-vorbis: bf7c407c2cedff20999df2af8eb42d56 -> 
========================================================================
Received Import Request.
  path: Assets/Prefabs/TriAxes.prefab
  artifactKey: Guid(48e43bbe3af404986bbdc5a552e5fefd) Importer(815301076,1909f56bfc062723c751e8b465ee728b)
Start importing Assets/Prefabs/TriAxes.prefab using Guid(48e43bbe3af404986bbdc5a552e5fefd) Importer(815301076,1909f56bfc062723c751e8b465ee728b)  -> (artifact id: 'bf0fde9239a6faf0f0c49d25dbbbc9b0') in 0.308923 seconds 
  Import took 0.317330 seconds .

========================================================================
Received Import Request.
  Time since last request: 19.107341 seconds.
  path: Assets/Scenes/Check Support.unity
  artifactKey: Guid(cf67ab53e5ff241dfa61608222d82109) Importer(815301076,1909f56bfc062723c751e8b465ee728b)
Start importing Assets/Scenes/Check Support.unity using Guid(cf67ab53e5ff241dfa61608222d82109) Importer(815301076,1909f56bfc062723c751e8b465ee728b)  -> (artifact id: '2bf243620ef478d197a0ff9cb13594e3') in 0.010088 seconds 
  Import took 0.014207 seconds .

========================================================================
Received Import Request.
  Time since last request: 0.545313 seconds.
  path: Assets/Scenes/Anchors.unity
  artifactKey: Guid(5cba9114a192a46a7aef31da62316e39) Importer(815301076,1909f56bfc062723c751e8b465ee728b)
Start importing Assets/Scenes/Anchors.unity using Guid(5cba9114a192a46a7aef31da62316e39) Importer(815301076,1909f56bfc062723c751e8b465ee728b)  -> (artifact id: 'd999b4343b077b8151cea07c553dec8b') in 0.007396 seconds 
  Import took 0.012952 seconds .

========================================================================
Received Import Request.
  Time since last request: 2.630329 seconds.
  path: Assets/Scenes/ScaleSettings.lighting
  artifactKey: Guid(34c0384d9ff1b4caead0d14e530d2a56) Importer(815301076,1909f56bfc062723c751e8b465ee728b)
Start importing Assets/Scenes/ScaleSettings.lighting using Guid(34c0384d9ff1b4caead0d14e530d2a56) Importer(815301076,1909f56bfc062723c751e8b465ee728b)  -> (artifact id: 'e1e314cc0b4f26722a1b9ab814995928') in 0.009866 seconds 
  Import took 0.014169 seconds .

========================================================================
Received Import Request.
  Time since last request: 1.745555 seconds.
  path: Assets/Scenes/ScaleSettings.lighting
  artifactKey: Guid(34c0384d9ff1b4caead0d14e530d2a56) Importer(815301076,1909f56bfc062723c751e8b465ee728b)
Start importing Assets/Scenes/ScaleSettings.lighting using Guid(34c0384d9ff1b4caead0d14e530d2a56) Importer(815301076,1909f56bfc062723c751e8b465ee728b)  -> (artifact id: 'e1e314cc0b4f26722a1b9ab814995928') in 0.013193 seconds 
  Import took 0.018878 seconds .

========================================================================
Received Import Request.
  Time since last request: 18.603665 seconds.
  path: Assets/Scenes/FaceTracking
  artifactKey: Guid(8c1909290913d4c389b1517a0146bfca) Importer(815301076,1909f56bfc062723c751e8b465ee728b)
Start importing Assets/Scenes/FaceTracking using Guid(8c1909290913d4c389b1517a0146bfca) Importer(815301076,1909f56bfc062723c751e8b465ee728b)  -> (artifact id: '1325ba55f86b66d3dbe639f6f82ff850') in 0.008587 seconds 
  Import took 0.013497 seconds .

========================================================================
Received Import Request.
  Time since last request: 13.088698 seconds.
  path: Assets/Scenes/FaceTracking/ARCoreFaceRegions.unity
  artifactKey: Guid(d1739ac106ca65e4b83528a440314bd9) Importer(815301076,1909f56bfc062723c751e8b465ee728b)
Start importing Assets/Scenes/FaceTracking/ARCoreFaceRegions.unity using Guid(d1739ac106ca65e4b83528a440314bd9) Importer(815301076,1909f56bfc062723c751e8b465ee728b)  -> (artifact id: 'a9aec25056d9e0409f4b337102804af0') in 0.009660 seconds 
  Import took 0.014719 seconds .

========================================================================
Received Import Request.
  Time since last request: 19.230567 seconds.
  path: Assets/Scenes/FaceTracking/ARKitFaceBlendShapes.unity
  artifactKey: Guid(e9280441e79e84bdbbf6b724880ae2d9) Importer(815301076,1909f56bfc062723c751e8b465ee728b)
Start importing Assets/Scenes/FaceTracking/ARKitFaceBlendShapes.unity using Guid(e9280441e79e84bdbbf6b724880ae2d9) Importer(815301076,1909f56bfc062723c751e8b465ee728b)  -> (artifact id: 'ef6b4c6927cca42cc0135290dae229d7') in 0.010597 seconds 
  Import took 0.014840 seconds .

========================================================================
Received Import Request.
  Time since last request: 9.968308 seconds.
  path: Assets/Scenes/Meshing/NonrenderedMeshPrefab.prefab
  artifactKey: Guid(fedb7292b0fca45fb8cd1185135b9511) Importer(815301076,1909f56bfc062723c751e8b465ee728b)
Start importing Assets/Scenes/Meshing/NonrenderedMeshPrefab.prefab using Guid(fedb7292b0fca45fb8cd1185135b9511) Importer(815301076,1909f56bfc062723c751e8b465ee728b)  -> (artifact id: '83b076da4fd1e297877a20202e5d3834') in 0.014263 seconds 
  Import took 0.018812 seconds .

========================================================================
Received Import Request.
  Time since last request: 0.000380 seconds.
  path: Assets/Scenes/ImageTracking/Prefabs/FlowerAlternativePrefab/Small/VegetationSmall06.fbx
  artifactKey: Guid(95a59a779c708744f9268e68ea353e42) Importer(815301076,1909f56bfc062723c751e8b465ee728b)
Start importing Assets/Scenes/ImageTracking/Prefabs/FlowerAlternativePrefab/Small/VegetationSmall06.fbx using Guid(95a59a779c708744f9268e68ea353e42) Importer(815301076,1909f56bfc062723c751e8b465ee728b)  -> (artifact id: 'fefb2d0da0043f04cc63ca5eefb3f17e') in 0.946944 seconds 
  Import took 0.952694 seconds .

========================================================================
Received Import Request.
  Time since last request: 0.000324 seconds.
  path: Assets/Prefabs/ReflectiveSphere.prefab
  artifactKey: Guid(cc7ced85c210d4c2eb70bc117e21b21f) Importer(815301076,1909f56bfc062723c751e8b465ee728b)
Start importing Assets/Prefabs/ReflectiveSphere.prefab using Guid(cc7ced85c210d4c2eb70bc117e21b21f) Importer(815301076,1909f56bfc062723c751e8b465ee728b)  -> (artifact id: 'f4d688cc654ccf73237fbd7433311697') in 0.020593 seconds 
  Import took 0.025955 seconds .

========================================================================
Received Import Request.
  Time since last request: 0.000288 seconds.
  path: Assets/Meshes/sloth_head_blendshapes5.fbx
  artifactKey: Guid(63ae12abc50414d5c882dbe18f6a820b) Importer(815301076,1909f56bfc062723c751e8b465ee728b)
Start importing Assets/Meshes/sloth_head_blendshapes5.fbx using Guid(63ae12abc50414d5c882dbe18f6a820b) Importer(815301076,1909f56bfc062723c751e8b465ee728b)  -> (artifact id: '5c85917ad4558e9da038b9c4669707a5') in 2.326634 seconds 
  Import took 2.339805 seconds .

========================================================================
Received Import Request.
  Time since last request: 0.000676 seconds.
  path: Assets/Scenes/ImageTracking/Prefabs/VikingHelmetPrefab/VikingHelmetPrefab.prefab
  artifactKey: Guid(2584331523bd14e8898965d93034efdb) Importer(815301076,1909f56bfc062723c751e8b465ee728b)
Start importing Assets/Scenes/ImageTracking/Prefabs/VikingHelmetPrefab/VikingHelmetPrefab.prefab using Guid(2584331523bd14e8898965d93034efdb) Importer(815301076,1909f56bfc062723c751e8b465ee728b)  -> (artifact id: 'bed3c7fe50e24ccc41d337cbc73c68a2') in 0.033247 seconds 
  Import took 0.042489 seconds .

========================================================================
Received Import Request.
  Time since last request: 0.000353 seconds.
  path: Assets/Scenes/Meshing/OcclusionMeshPrefab.prefab
  artifactKey: Guid(7187fb4e8b07f43d3be5d09b2d0e47bf) Importer(815301076,1909f56bfc062723c751e8b465ee728b)
Start importing Assets/Scenes/Meshing/OcclusionMeshPrefab.prefab using Guid(7187fb4e8b07f43d3be5d09b2d0e47bf) Importer(815301076,1909f56bfc062723c751e8b465ee728b)  -> (artifact id: 'aab3c5c3fec0ad883f1549107a15be9e') in 0.013891 seconds 
  Import took 0.019152 seconds .

========================================================================
Received Import Request.
  Time since last request: 0.000343 seconds.
  path: Assets/Scenes/Meshing/RenderedMeshPrefab.prefab
  artifactKey: Guid(a7db2f31145544cc9a9abc959fc3e80e) Importer(815301076,1909f56bfc062723c751e8b465ee728b)
Start importing Assets/Scenes/Meshing/RenderedMeshPrefab.prefab using Guid(a7db2f31145544cc9a9abc959fc3e80e) Importer(815301076,1909f56bfc062723c751e8b465ee728b)  -> (artifact id: '66704738bb12cdfa1c6751d91ce5e891') in 0.018188 seconds 
  Import took 0.024614 seconds .

========================================================================
Received Import Request.
  Time since last request: 0.000385 seconds.
  path: Assets/Scenes/Meshing/Projectile.prefab
  artifactKey: Guid(133f41d7c73924e42a428ccaa1975ea6) Importer(815301076,1909f56bfc062723c751e8b465ee728b)
Start importing Assets/Scenes/Meshing/Projectile.prefab using Guid(133f41d7c73924e42a428ccaa1975ea6) Importer(815301076,1909f56bfc062723c751e8b465ee728b)  -> (artifact id: '55f71783f68b96159bd68e8fc1a597fa') in 0.021285 seconds 
  Import took 0.026355 seconds .

========================================================================
Received Import Request.
  Time since last request: 0.000315 seconds.
  path: Assets/Scenes/ImageTracking/Prefabs/FlowerPrefab/Small/VegetationSmall04.fbx
  artifactKey: Guid(2fe21ce46fd85014590e30e91e49aedc) Importer(815301076,1909f56bfc062723c751e8b465ee728b)
Start importing Assets/Scenes/ImageTracking/Prefabs/FlowerPrefab/Small/VegetationSmall04.fbx using Guid(2fe21ce46fd85014590e30e91e49aedc) Importer(815301076,1909f56bfc062723c751e8b465ee728b)  -> (artifact id: '935d8659907c0db52aadbf51b58bf11b') in 0.215111 seconds 
  Import took 0.219923 seconds .

========================================================================
Received Import Request.
  Time since last request: 0.000301 seconds.
  path: Assets/Prefabs/SlothHead.prefab
  artifactKey: Guid(a5e76df5cbfd54a06abdaf52046adbc0) Importer(815301076,1909f56bfc062723c751e8b465ee728b)
Start importing Assets/Prefabs/SlothHead.prefab using Guid(a5e76df5cbfd54a06abdaf52046adbc0) Importer(815301076,1909f56bfc062723c751e8b465ee728b)  -> (artifact id: '95f7578a2d2ea5075839a00ac62403fd') in 1.524143 seconds 
  Import took 1.534250 seconds .

========================================================================
Received Import Request.
  Time since last request: 0.000285 seconds.
  path: Assets/Scenes/ImageTracking/Prefabs/VikingHelmetPrefab/VikingHelmet.fbx
  artifactKey: Guid(a20ea7771cebbda4696ef82ef45481a0) Importer(815301076,1909f56bfc062723c751e8b465ee728b)
Start importing Assets/Scenes/ImageTracking/Prefabs/VikingHelmetPrefab/VikingHelmet.fbx using Guid(a20ea7771cebbda4696ef82ef45481a0) Importer(815301076,1909f56bfc062723c751e8b465ee728b)  -> (artifact id: '7ee31142d6e756d9c1613c8e4f33f67f') in 0.152441 seconds 
  Import took 0.157575 seconds .

========================================================================
Received Import Request.
  Time since last request: 0.000266 seconds.
  path: Assets/Scenes/LightEstimation/Tiny3D.fbx
  artifactKey: Guid(3cc85aca79e34234289f8d8313ac7d34) Importer(815301076,1909f56bfc062723c751e8b465ee728b)
Start importing Assets/Scenes/LightEstimation/Tiny3D.fbx using Guid(3cc85aca79e34234289f8d8313ac7d34) Importer(815301076,1909f56bfc062723c751e8b465ee728b)  -> (artifact id: 'd3ed40487902f5eb97a06e7771ef6245') in 0.561987 seconds 
  Import took 0.566905 seconds .

========================================================================
Received Import Request.
  Time since last request: 0.000296 seconds.
  path: Assets/Scenes/ARKit/ThermalState/Prefabs/SimpleMesh.prefab
  artifactKey: Guid(481ab5ad50c684d128841668c492e601) Importer(815301076,1909f56bfc062723c751e8b465ee728b)
Start importing Assets/Scenes/ARKit/ThermalState/Prefabs/SimpleMesh.prefab using Guid(481ab5ad50c684d128841668c492e601) Importer(815301076,1909f56bfc062723c751e8b465ee728b)  -> (artifact id: 'b0efb71d3ad7e919c6b0c991640553ca') in 0.013485 seconds 
  Import took 0.017305 seconds .

========================================================================
Received Import Request.
  Time since last request: 0.000266 seconds.
  path: Assets/Scenes/ImageTracking/Prefabs/FireFliesPrefab/Prefabs/ParticlesLight.prefab
  artifactKey: Guid(61a6b3a108030e54ba372fe7097916d0) Importer(815301076,1909f56bfc062723c751e8b465ee728b)
Start importing Assets/Scenes/ImageTracking/Prefabs/FireFliesPrefab/Prefabs/ParticlesLight.prefab using Guid(61a6b3a108030e54ba372fe7097916d0) Importer(815301076,1909f56bfc062723c751e8b465ee728b)  -> (artifact id: '7b69014b4a285b30e962a427a30a42eb') in 0.013369 seconds 
  Import took 0.017451 seconds .

========================================================================
Received Import Request.
  Time since last request: 0.000364 seconds.
  path: Assets/Scenes/ARKit/ARCollaborationData/TriAxesWithDebugText.prefab
  artifactKey: Guid(8fe3e998d2f7f4eb8ac84726705ca1fd) Importer(815301076,1909f56bfc062723c751e8b465ee728b)
Start importing Assets/Scenes/ARKit/ARCollaborationData/TriAxesWithDebugText.prefab using Guid(8fe3e998d2f7f4eb8ac84726705ca1fd) Importer(815301076,1909f56bfc062723c751e8b465ee728b)  -> (artifact id: '749e473b8c8ac9ffacf58fc3ff5c53fd') in 0.069018 seconds 
  Import took 0.074197 seconds .

========================================================================
Received Import Request.
  Time since last request: 0.000314 seconds.
  path: Assets/Scenes/PlaneOcclusion/OcclusionPlane.prefab
  artifactKey: Guid(b04c45397743447faaeced575f11ace3) Importer(815301076,1909f56bfc062723c751e8b465ee728b)
Start importing Assets/Scenes/PlaneOcclusion/OcclusionPlane.prefab using Guid(b04c45397743447faaeced575f11ace3) Importer(815301076,1909f56bfc062723c751e8b465ee728b)  -> (artifact id: '1a3b372d1524e83038e29e223412205d') in 0.022073 seconds 
  Import took 0.026783 seconds .

========================================================================
Received Prepare
Registering precompiled user dll's ...
Registered in 0.002820 seconds.
Begin MonoManager ReloadAssembly
Native extension for WindowsStandalone target not found
Native extension for WebGL target not found
Refreshing native plugins compatible for Editor in 1.40 ms, found 0 plugins.
Preloading 0 native plugins for Editor in 0.00 ms.
Mono: successfully reloaded assembly
- Completed reload, in  2.917 seconds
Domain Reload Profiling:
	ReloadAssembly (2918ms)
		BeginReloadAssembly (357ms)
			ExecutionOrderSort (0ms)
			DisableScriptedObjects (15ms)
			BackupInstance (0ms)
			ReleaseScriptingObjects (0ms)
			CreateAndSetChildDomain (85ms)
		EndReloadAssembly (2341ms)
			LoadAssemblies (293ms)
			RebuildTransferFunctionScriptingTraits (0ms)
			SetupTypeCache (791ms)
			ReleaseScriptCaches (1ms)
			RebuildScriptCaches (122ms)
			SetupLoadedEditorAssemblies (726ms)
				LogAssemblyErrors (0ms)
				InitializePlatformSupportModulesInManaged (23ms)
				SetLoadedEditorAssemblies (5ms)
				RefreshPlugins (2ms)
				BeforeProcessingInitializeOnLoad (270ms)
				ProcessInitializeOnLoadAttributes (383ms)
				ProcessInitializeOnLoadMethodAttributes (9ms)
				AfterProcessingInitializeOnLoad (33ms)
				EditorAssembliesLoaded (1ms)
			ExecutionOrderSort2 (0ms)
			AwakeInstancesAfterBackupRestoration (15ms)
Platform modules already initialized, skipping
Switching build target platform(19) subTarget(0) extendedPlatform(0) -> platform(13) subTarget(589824) extendedPlatform(0)
Refreshing native plugins compatible for Editor in 0.73 ms, found 0 plugins.
Preloading 0 native plugins for Editor in 0.00 ms.
Unloading 1538 Unused Serialized files (Serialized files now loaded: 0)
System memory in use before: 76.2 MB.
System memory in use after: 76.3 MB.

Unloading 16 unused Assets to reduce memory usage. Loaded Objects now: 2042.
Total: 5.858200 ms (FindLiveObjects: 0.919800 ms CreateObjectMapping: 0.324100 ms MarkObjects: 4.535800 ms  DeleteObjects: 0.076300 ms)

AssetImportParameters requested are different than current active one (requested -> active):
  custom:framework-win-MediaFoundation: 216162199b28c13a410421893ffa2e32 -> 
  custom:video-decoder-ogg-theora: a1e56fd34408186e4bbccfd4996cb3dc -> 
  custom:container-muxer-webm: aa71ff27fc2769a1b78a27578f13a17b -> 
  custom:container-demuxer-webm: 4f35f7cbe854078d1ac9338744f61a02 -> 
  custom:container-demuxer-ogg: 62fdf1f143b41e24485cea50d1cbac27 -> 
  custom:video-encoder-webm-vp8: eb34c28f22e8b96e1ab97ce403110664 -> 
  custom:video-decoder-webm-vp8: 9c59270c3fd7afecdb556c50c9e8de78 -> 
  custom:graphics/normal-map-encoding: 01000000000000000000000000000000 -> 02000000000000000000000000000000
  custom:audio-decoder-ogg-vorbis: bf7c407c2cedff20999df2af8eb42d56 -> 
  custom:audio-encoder-webm-vorbis: bf7c407c2cedff20999df2af8eb42d56 -> 
